<?xml version="1.0" encoding="UTF-8"?>
<testsuite xmlns:xsi="http://www.w3.org/2001/XMLSchema-instance" xsi:noNamespaceSchemaLocation="https://maven.apache.org/surefire/maven-surefire-plugin/xsd/surefire-test-report.xsd" version="3.0.2" name="tn.esprit.gestionentretien.GestionEntretienApplicationTests" time="14.577" tests="1" errors="0" skipped="0" failures="0">
  <properties>
[...]
</properties>
  <testcase name="contextLoads" classname="tn.esprit.gestionentretien.GestionEntretienApplicationTests" time="0.552">
    <system-out><![CDATA[13:28:43.846 [main] INFO org.springframework.test.context.support.AnnotationConfigContextLoaderUtils -- Could not detect default configuration classes for test class [tn.esprit.gestionentretien.GestionEntretienApplicationTests]: GestionEntretienApplicationTests does not declare any static, non-private, non-final, nested classes annotated with @Configuration.
13:28:44.022 [main] INFO org.springframework.boot.test.context.SpringBootTestContextBootstrapper -- Found @SpringBootConfiguration tn.esprit.gestionentretien.GestionEntretienApplication for test class tn.esprit.gestionentretien.GestionEntretienApplicationTests

  .   ____          _            __ _ _
 /\\ / ___'_ __ _ _(_)_ __  __ _ \ \ \ \
( ( )\___ | '_ | '_| | '_ \/ _` | \ \ \ \
 \\/  ___)| |_)| | | | | || (_| |  ) ) ) )
  '  |____| .__|_| |_|_| |_\__, | / / / /
 =========|_|==============|___/=/_/_/_/

 :: Spring Boot ::                (v3.4.2)

2025-04-11T13:28:46.503+01:00  INFO 23828 --- [GestionEntretien] [           main] t.e.g.GestionEntretienApplicationTests   : Starting GestionEntretienApplicationTests using Java 21.0.2 with PID 23828 (started by seif eddine in C:\Users\seif eddine\IdeaProjects\location_voiture\Microservices\GestionEntretien)
2025-04-11T13:28:46.504+01:00  INFO 23828 --- [GestionEntretien] [           main] t.e.g.GestionEntretienApplicationTests   : No active profile set, falling back to 1 default profile: "default"
2025-04-11T13:28:46.551+01:00  INFO 23828 --- [GestionEntretien] [           main] o.s.c.c.c.ConfigServerConfigDataLoader   : Fetching config from server at : http://localhost:8888
2025-04-11T13:28:46.551+01:00  INFO 23828 --- [GestionEntretien] [           main] o.s.c.c.c.ConfigServerConfigDataLoader   : Located environment: name=GestionEntretien, profiles=[default], label=null, version=null, state=null
2025-04-11T13:28:48.068+01:00  INFO 23828 --- [GestionEntretien] [           main] .s.d.r.c.RepositoryConfigurationDelegate : Bootstrapping Spring Data JPA repositories in DEFAULT mode.
2025-04-11T13:28:48.249+01:00  INFO 23828 --- [GestionEntretien] [           main] .s.d.r.c.RepositoryConfigurationDelegate : Finished Spring Data repository scanning in 166 ms. Found 1 JPA repository interface.
2025-04-11T13:28:48.787+01:00  INFO 23828 --- [GestionEntretien] [           main] o.s.cloud.context.scope.GenericScope     : BeanFactory id=f68fef00-b9d6-3eca-b13a-a66897288fc1
2025-04-11T13:28:49.750+01:00  INFO 23828 --- [GestionEntretien] [           main] o.hibernate.jpa.internal.util.LogHelper  : HHH000204: Processing PersistenceUnitInfo [name: default]
2025-04-11T13:28:49.886+01:00  INFO 23828 --- [GestionEntretien] [           main] org.hibernate.Version                    : HHH000412: Hibernate ORM core version 6.6.5.Final
2025-04-11T13:28:49.955+01:00  INFO 23828 --- [GestionEntretien] [           main] o.h.c.internal.RegionFactoryInitiator    : HHH000026: Second-level cache disabled
2025-04-11T13:28:50.489+01:00  INFO 23828 --- [GestionEntretien] [           main] o.s.o.j.p.SpringPersistenceUnitInfo      : No LoadTimeWeaver setup: ignoring JPA class transformer
2025-04-11T13:28:50.538+01:00  INFO 23828 --- [GestionEntretien] [           main] com.zaxxer.hikari.HikariDataSource       : HikariPool-1 - Starting...
2025-04-11T13:28:50.760+01:00  INFO 23828 --- [GestionEntretien] [           main] com.zaxxer.hikari.pool.HikariPool        : HikariPool-1 - Added connection com.mysql.cj.jdbc.ConnectionImpl@4c12f54a
2025-04-11T13:28:50.763+01:00  INFO 23828 --- [GestionEntretien] [           main] com.zaxxer.hikari.HikariDataSource       : HikariPool-1 - Start completed.
2025-04-11T13:28:50.844+01:00  WARN 23828 --- [GestionEntretien] [           main] org.hibernate.dialect.Dialect            : HHH000511: The 5.5.5 version for [org.hibernate.dialect.MySQLDialect] is no longer supported, hence certain features may not work properly. The minimum supported version is 8.0.0. Check the community dialects project for available legacy versions.
2025-04-11T13:28:50.882+01:00  INFO 23828 --- [GestionEntretien] [           main] org.hibernate.orm.connections.pooling    : HHH10001005: Database info:
	Database JDBC URL [Connecting through datasource 'HikariDataSource (HikariPool-1)']
	Database driver: undefined/unknown
	Database version: 5.5.5
	Autocommit mode: undefined/unknown
	Isolation level: undefined/unknown
	Minimum pool size: undefined/unknown
	Maximum pool size: undefined/unknown
2025-04-11T13:28:52.011+01:00  INFO 23828 --- [GestionEntretien] [           main] o.h.e.t.j.p.i.JtaPlatformInitiator       : HHH000489: No JTA platform available (set 'hibernate.transaction.jta.platform' to enable JTA platform integration)
2025-04-11T13:28:52.075+01:00  INFO 23828 --- [GestionEntretien] [           main] j.LocalContainerEntityManagerFactoryBean : Initialized JPA EntityManagerFactory for persistence unit 'default'
2025-04-11T13:28:52.790+01:00  WARN 23828 --- [GestionEntretien] [           main] JpaBaseConfiguration$JpaWebConfiguration : spring.jpa.open-in-view is enabled by default. Therefore, database queries may be performed during view rendering. Explicitly configure spring.jpa.open-in-view to disable this warning
2025-04-11T13:28:54.969+01:00  INFO 23828 --- [GestionEntretien] [           main] o.s.cloud.commons.util.InetUtils         : Cannot determine local hostname
2025-04-11T13:28:56.815+01:00  INFO 23828 --- [GestionEntretien] [           main] o.s.cloud.commons.util.InetUtils         : Cannot determine local hostname
2025-04-11T13:28:56.845+01:00  INFO 23828 --- [GestionEntretien] [           main] DiscoveryClientOptionalArgsConfiguration : Eureka HTTP Client uses RestTemplate.
2025-04-11T13:28:56.929+01:00  WARN 23828 --- [GestionEntretien] [           main] iguration$LoadBalancerCaffeineWarnLogger : Spring Cloud LoadBalancer is currently working with the default cache. While this cache implementation is useful for development and tests, it's recommended to use Caffeine cache in production.You can switch to using Caffeine cache, by adding it and org.springframework.cache.caffeine.CaffeineCacheManager to the classpath.
2025-04-11T13:28:56.946+01:00  INFO 23828 --- [GestionEntretien] [           main] o.s.b.a.e.web.EndpointLinksResolver      : Exposing 3 endpoints beneath base path '/actuator'
2025-04-11T13:28:57.041+01:00  INFO 23828 --- [GestionEntretien] [           main] o.s.c.n.eureka.InstanceInfoFactory       : Setting initial instance status as: STARTING
2025-04-11T13:28:57.096+01:00  INFO 23828 --- [GestionEntretien] [           main] com.netflix.discovery.DiscoveryClient    : Initializing Eureka in region us-east-1
2025-04-11T13:28:57.104+01:00  INFO 23828 --- [GestionEntretien] [           main] c.n.d.s.r.aws.ConfigClusterResolver      : Resolving eureka endpoints via configuration
2025-04-11T13:28:57.120+01:00  INFO 23828 --- [GestionEntretien] [           main] com.netflix.discovery.DiscoveryClient    : Disable delta property : false
2025-04-11T13:28:57.120+01:00  INFO 23828 --- [GestionEntretien] [           main] com.netflix.discovery.DiscoveryClient    : Single vip registry refresh property : null
2025-04-11T13:28:57.120+01:00  INFO 23828 --- [GestionEntretien] [           main] com.netflix.discovery.DiscoveryClient    : Force full registry fetch : false
2025-04-11T13:28:57.120+01:00  INFO 23828 --- [GestionEntretien] [           main] com.netflix.discovery.DiscoveryClient    : Application is null : false
2025-04-11T13:28:57.120+01:00  INFO 23828 --- [GestionEntretien] [           main] com.netflix.discovery.DiscoveryClient    : Registered Applications size is zero : true
2025-04-11T13:28:57.120+01:00  INFO 23828 --- [GestionEntretien] [           main] com.netflix.discovery.DiscoveryClient    : Application version is -1: true
2025-04-11T13:28:57.120+01:00  INFO 23828 --- [GestionEntretien] [           main] com.netflix.discovery.DiscoveryClient    : Getting all instance registry info from the eureka server
2025-04-11T13:28:57.479+01:00  INFO 23828 --- [GestionEntretien] [           main] com.netflix.discovery.DiscoveryClient    : The response status is 200
2025-04-11T13:28:57.481+01:00  INFO 23828 --- [GestionEntretien] [           main] com.netflix.discovery.DiscoveryClient    : Starting heartbeat executor: renew interval is: 30
2025-04-11T13:28:57.483+01:00  INFO 23828 --- [GestionEntretien] [           main] c.n.discovery.InstanceInfoReplicator     : InstanceInfoReplicator onDemand update allowed rate per min is 4
2025-04-11T13:28:57.485+01:00  INFO 23828 --- [GestionEntretien] [           main] com.netflix.discovery.DiscoveryClient    : Discovery Client initialized at timestamp 1744374537485 with initial instances count: 3
2025-04-11T13:28:57.492+01:00  INFO 23828 --- [GestionEntretien] [           main] o.s.c.n.e.s.EurekaServiceRegistry        : Registering application GESTIONENTRETIEN with eureka with status UP
2025-04-11T13:28:57.492+01:00  INFO 23828 --- [GestionEntretien] [           main] com.netflix.discovery.DiscoveryClient    : Saw local status change event StatusChangeEvent [timestamp=1744374537492, current=UP, previous=STARTING]
2025-04-11T13:28:57.495+01:00  INFO 23828 --- [GestionEntretien] [foReplicator-%d] com.netflix.discovery.DiscoveryClient    : DiscoveryClient_GESTIONENTRETIEN/localhost:GestionEntretien:8088: registering service...
2025-04-11T13:28:57.511+01:00  INFO 23828 --- [GestionEntretien] [           main] t.e.g.GestionEntretienApplicationTests   : Started GestionEntretienApplicationTests in 13.027 seconds (process running for 14.709)
2025-04-11T13:28:57.553+01:00  INFO 23828 --- [GestionEntretien] [foReplicator-%d] com.netflix.discovery.DiscoveryClient    : DiscoveryClient_GESTIONENTRETIEN/localhost:GestionEntretien:8088 - registration status: 204
]]></system-out>
    <system-err><![CDATA[Mockito is currently self-attaching to enable the inline-mock-maker. This will no longer work in future releases of the JDK. Please add Mockito as an agent to your build what is described in Mockito's documentation: https://javadoc.io/doc/org.mockito/mockito-core/latest/org/mockito/Mockito.html#0.3
WARNING: A Java agent has been loaded dynamically (C:\Users\seif eddine\.m2\repository\net\bytebuddy\byte-buddy-agent\1.15.11\byte-buddy-agent-1.15.11.jar)
WARNING: If a serviceability tool is in use, please run with -XX:+EnableDynamicAgentLoading to hide this warning
WARNING: If a serviceability tool is not in use, please run with -Djdk.instrument.traceUsage for more information
WARNING: Dynamic loading of agents will be disallowed by default in a future release
]]></system-err>
  </testcase>
</testsuite>