<?xml version="1.0" encoding="UTF-8"?>
<testsuite xmlns:xsi="http://www.w3.org/2001/XMLSchema-instance" xsi:noNamespaceSchemaLocation="https://maven.apache.org/surefire/maven-surefire-plugin/xsd/surefire-test-report.xsd" version="3.0.2" name="tn.esprit.configserver.ConfigServerApplicationTests" time="9.564" tests="1" errors="0" skipped="0" failures="0">
  <properties>
[...]
</properties>
  <testcase name="contextLoads" classname="tn.esprit.configserver.ConfigServerApplicationTests" time="0.917">
    <system-out><![CDATA[13:23:37.386 [main] INFO org.springframework.test.context.support.AnnotationConfigContextLoaderUtils -- Could not detect default configuration classes for test class [tn.esprit.configserver.ConfigServerApplicationTests]: ConfigServerApplicationTests does not declare any static, non-private, non-final, nested classes annotated with @Configuration.
13:23:37.542 [main] INFO org.springframework.boot.test.context.SpringBootTestContextBootstrapper -- Found @SpringBootConfiguration tn.esprit.configserver.ConfigServerApplication for test class tn.esprit.configserver.ConfigServerApplicationTests

  .   ____          _            __ _ _
 /\\ / ___'_ __ _ _(_)_ __  __ _ \ \ \ \
( ( )\___ | '_ | '_| | '_ \/ _` | \ \ \ \
 \\/  ___)| |_)| | | | | || (_| |  ) ) ) )
  '  |____| .__|_| |_|_| |_\__, | / / / /
 =========|_|==============|___/=/_/_/_/

 :: Spring Boot ::                (v3.4.4)

2025-04-11T13:23:39.388+01:00  INFO 19696 --- [ConfigServer] [           main] t.e.c.ConfigServerApplicationTests       : Starting ConfigServerApplicationTests using Java 21.0.2 with PID 19696 (started by seif eddine in C:\Users\seif eddine\IdeaProjects\location_voiture\Microservices\ConfigServer)
2025-04-11T13:23:39.389+01:00  INFO 19696 --- [ConfigServer] [           main] t.e.c.ConfigServerApplicationTests       : The following 1 profile is active: "native"
2025-04-11T13:23:41.050+01:00  INFO 19696 --- [ConfigServer] [           main] o.s.cloud.context.scope.GenericScope     : BeanFactory id=262b0579-3bd8-3a3e-9dd4-9792640ff5f8
2025-04-11T13:23:43.338+01:00  INFO 19696 --- [ConfigServer] [           main] o.s.cloud.commons.util.InetUtils         : Cannot determine local hostname
2025-04-11T13:23:44.803+01:00  INFO 19696 --- [ConfigServer] [           main] o.s.cloud.commons.util.InetUtils         : Cannot determine local hostname
2025-04-11T13:23:44.824+01:00  INFO 19696 --- [ConfigServer] [           main] DiscoveryClientOptionalArgsConfiguration : Eureka HTTP Client uses RestTemplate.
2025-04-11T13:23:45.055+01:00  WARN 19696 --- [ConfigServer] [           main] iguration$LoadBalancerCaffeineWarnLogger : Spring Cloud LoadBalancer is currently working with the default cache. While this cache implementation is useful for development and tests, it's recommended to use Caffeine cache in production.You can switch to using Caffeine cache, by adding it and org.springframework.cache.caffeine.CaffeineCacheManager to the classpath.
2025-04-11T13:23:45.069+01:00  INFO 19696 --- [ConfigServer] [           main] o.s.b.a.e.web.EndpointLinksResolver      : Exposing 1 endpoint beneath base path '/actuator'
2025-04-11T13:23:45.139+01:00  INFO 19696 --- [ConfigServer] [           main] o.s.c.n.eureka.InstanceInfoFactory       : Setting initial instance status as: STARTING
2025-04-11T13:23:45.175+01:00  INFO 19696 --- [ConfigServer] [           main] com.netflix.discovery.DiscoveryClient    : Initializing Eureka in region us-east-1
2025-04-11T13:23:45.181+01:00  INFO 19696 --- [ConfigServer] [           main] c.n.d.s.r.aws.ConfigClusterResolver      : Resolving eureka endpoints via configuration
2025-04-11T13:23:45.193+01:00  INFO 19696 --- [ConfigServer] [           main] com.netflix.discovery.DiscoveryClient    : Disable delta property : false
2025-04-11T13:23:45.193+01:00  INFO 19696 --- [ConfigServer] [           main] com.netflix.discovery.DiscoveryClient    : Single vip registry refresh property : null
2025-04-11T13:23:45.194+01:00  INFO 19696 --- [ConfigServer] [           main] com.netflix.discovery.DiscoveryClient    : Force full registry fetch : false
2025-04-11T13:23:45.194+01:00  INFO 19696 --- [ConfigServer] [           main] com.netflix.discovery.DiscoveryClient    : Application is null : false
2025-04-11T13:23:45.194+01:00  INFO 19696 --- [ConfigServer] [           main] com.netflix.discovery.DiscoveryClient    : Registered Applications size is zero : true
2025-04-11T13:23:45.194+01:00  INFO 19696 --- [ConfigServer] [           main] com.netflix.discovery.DiscoveryClient    : Application version is -1: true
2025-04-11T13:23:45.194+01:00  INFO 19696 --- [ConfigServer] [           main] com.netflix.discovery.DiscoveryClient    : Getting all instance registry info from the eureka server
2025-04-11T13:23:45.690+01:00  INFO 19696 --- [ConfigServer] [           main] com.netflix.discovery.DiscoveryClient    : The response status is 200
2025-04-11T13:23:45.693+01:00  INFO 19696 --- [ConfigServer] [           main] com.netflix.discovery.DiscoveryClient    : Starting heartbeat executor: renew interval is: 30
2025-04-11T13:23:45.696+01:00  INFO 19696 --- [ConfigServer] [           main] c.n.discovery.InstanceInfoReplicator     : InstanceInfoReplicator onDemand update allowed rate per min is 4
2025-04-11T13:23:45.698+01:00  INFO 19696 --- [ConfigServer] [           main] com.netflix.discovery.DiscoveryClient    : Discovery Client initialized at timestamp 1744374225697 with initial instances count: 3
2025-04-11T13:23:45.701+01:00  INFO 19696 --- [ConfigServer] [           main] o.s.c.n.e.s.EurekaServiceRegistry        : Registering application CONFIGSERVER with eureka with status UP
2025-04-11T13:23:45.702+01:00  INFO 19696 --- [ConfigServer] [           main] com.netflix.discovery.DiscoveryClient    : Saw local status change event StatusChangeEvent [timestamp=1744374225702, current=UP, previous=STARTING]
2025-04-11T13:23:45.704+01:00  INFO 19696 --- [ConfigServer] [foReplicator-%d] com.netflix.discovery.DiscoveryClient    : DiscoveryClient_CONFIGSERVER/localhost:ConfigServer:8888: registering service...
2025-04-11T13:23:45.720+01:00  INFO 19696 --- [ConfigServer] [           main] t.e.c.ConfigServerApplicationTests       : Started ConfigServerApplicationTests in 7.785 seconds (process running for 9.237)
2025-04-11T13:23:45.759+01:00  INFO 19696 --- [ConfigServer] [foReplicator-%d] com.netflix.discovery.DiscoveryClient    : DiscoveryClient_CONFIGSERVER/localhost:ConfigServer:8888 - registration status: 204
]]></system-out>
    <system-err><![CDATA[Mockito is currently self-attaching to enable the inline-mock-maker. This will no longer work in future releases of the JDK. Please add Mockito as an agent to your build what is described in Mockito's documentation: https://javadoc.io/doc/org.mockito/mockito-core/latest/org/mockito/Mockito.html#0.3
WARNING: A Java agent has been loaded dynamically (C:\Users\seif eddine\.m2\repository\net\bytebuddy\byte-buddy-agent\1.15.11\byte-buddy-agent-1.15.11.jar)
WARNING: If a serviceability tool is in use, please run with -XX:+EnableDynamicAgentLoading to hide this warning
WARNING: If a serviceability tool is not in use, please run with -Djdk.instrument.traceUsage for more information
WARNING: Dynamic loading of agents will be disallowed by default in a future release
]]></system-err>
  </testcase>
</testsuite>